<?xml version="1.0" encoding="UTF-8"?>
<testsuite xmlns:xsi="http://www.w3.org/2001/XMLSchema-instance" xsi:noNamespaceSchemaLocation="https://maven.apache.org/surefire/maven-surefire-plugin/xsd/surefire-test-report-3.0.xsd" version="3.0" name="org.acme.camel.MyApplicationTest" time="0.803" tests="1" errors="0" skipped="0" failures="0">
  <properties>
    <property name="sun.desktop" value="gnome"/>
    <property name="awt.toolkit" value="sun.awt.X11.XToolkit"/>
    <property name="java.specification.version" value="11"/>
    <property name="sun.cpu.isalist" value=""/>
    <property name="sun.jnu.encoding" value="UTF-8"/>
    <property name="java.class.path" value="/home/tiago/code/git/camel/target/test-classes:/home/tiago/code/git/camel/target/classes:/home/tiago/.m2/repository/org/apache/camel/camel-core-engine/3.18.3/camel-core-engine-3.18.3.jar:/home/tiago/.m2/repository/org/apache/camel/camel-api/3.18.3/camel-api-3.18.3.jar:/home/tiago/.m2/repository/jakarta/xml/bind/jakarta.xml.bind-api/2.3.3/jakarta.xml.bind-api-2.3.3.jar:/home/tiago/.m2/repository/jakarta/activation/jakarta.activation-api/1.2.2/jakarta.activation-api-1.2.2.jar:/home/tiago/.m2/repository/org/apache/camel/camel-base-engine/3.18.3/camel-base-engine-3.18.3.jar:/home/tiago/.m2/repository/org/apache/camel/camel-core-reifier/3.18.3/camel-core-reifier-3.18.3.jar:/home/tiago/.m2/repository/org/apache/camel/camel-core-model/3.18.3/camel-core-model-3.18.3.jar:/home/tiago/.m2/repository/org/apache/camel/camel-core-processor/3.18.3/camel-core-processor-3.18.3.jar:/home/tiago/.m2/repository/org/apache/camel/camel-management-api/3.18.3/camel-management-api-3.18.3.jar:/home/tiago/.m2/repository/org/apache/camel/camel-support/3.18.3/camel-support-3.18.3.jar:/home/tiago/.m2/repository/org/apache/camel/camel-util/3.18.3/camel-util-3.18.3.jar:/home/tiago/.m2/repository/org/apache/camel/camel-main/3.18.3/camel-main-3.18.3.jar:/home/tiago/.m2/repository/org/apache/camel/camel-base/3.18.3/camel-base-3.18.3.jar:/home/tiago/.m2/repository/org/apache/camel/camel-core-languages/3.18.3/camel-core-languages-3.18.3.jar:/home/tiago/.m2/repository/org/apache/camel/camel-direct/3.18.3/camel-direct-3.18.3.jar:/home/tiago/.m2/repository/org/apache/camel/camel-bean/3.18.3/camel-bean-3.18.3.jar:/home/tiago/.m2/repository/org/apache/camel/camel-log/3.18.3/camel-log-3.18.3.jar:/home/tiago/.m2/repository/org/apache/camel/camel-timer/3.18.3/camel-timer-3.18.3.jar:/home/tiago/.m2/repository/org/apache/logging/log4j/log4j-slf4j-impl/2.13.3/log4j-slf4j-impl-2.13.3.jar:/home/tiago/.m2/repository/org/slf4j/slf4j-api/1.7.25/slf4j-api-1.7.25.jar:/home/tiago/.m2/repository/org/apache/logging/log4j/log4j-api/2.13.3/log4j-api-2.13.3.jar:/home/tiago/.m2/repository/org/apache/logging/log4j/log4j-core/2.13.3/log4j-core-2.13.3.jar:/home/tiago/.m2/repository/org/apache/camel/camel-test-main-junit5/3.18.3/camel-test-main-junit5-3.18.3.jar:/home/tiago/.m2/repository/org/apache/camel/camel-test-junit5/3.18.3/camel-test-junit5-3.18.3.jar:/home/tiago/.m2/repository/org/apache/camel/camel-browse/3.18.3/camel-browse-3.18.3.jar:/home/tiago/.m2/repository/org/apache/camel/camel-controlbus/3.18.3/camel-controlbus-3.18.3.jar:/home/tiago/.m2/repository/org/apache/camel/camel-dataformat/3.18.3/camel-dataformat-3.18.3.jar:/home/tiago/.m2/repository/org/apache/camel/camel-dataset/3.18.3/camel-dataset-3.18.3.jar:/home/tiago/.m2/repository/org/apache/camel/camel-directvm/3.18.3/camel-directvm-3.18.3.jar:/home/tiago/.m2/repository/org/apache/camel/camel-language/3.18.3/camel-language-3.18.3.jar:/home/tiago/.m2/repository/org/apache/camel/camel-mock/3.18.3/camel-mock-3.18.3.jar:/home/tiago/.m2/repository/org/apache/camel/camel-ref/3.18.3/camel-ref-3.18.3.jar:/home/tiago/.m2/repository/org/apache/camel/camel-saga/3.18.3/camel-saga-3.18.3.jar:/home/tiago/.m2/repository/org/apache/camel/camel-scheduler/3.18.3/camel-scheduler-3.18.3.jar:/home/tiago/.m2/repository/org/apache/camel/camel-seda/3.18.3/camel-seda-3.18.3.jar:/home/tiago/.m2/repository/org/apache/camel/camel-stub/3.18.3/camel-stub-3.18.3.jar:/home/tiago/.m2/repository/org/apache/camel/camel-validator/3.18.3/camel-validator-3.18.3.jar:/home/tiago/.m2/repository/org/apache/camel/camel-xml-jaxp/3.18.3/camel-xml-jaxp-3.18.3.jar:/home/tiago/.m2/repository/org/apache/camel/camel-xml-io-util/3.18.3/camel-xml-io-util-3.18.3.jar:/home/tiago/.m2/repository/org/apache/camel/camel-vm/3.18.3/camel-vm-3.18.3.jar:/home/tiago/.m2/repository/org/apache/camel/camel-xpath/3.18.3/camel-xpath-3.18.3.jar:/home/tiago/.m2/repository/org/apache/camel/camel-xslt/3.18.3/camel-xslt-3.18.3.jar:/home/tiago/.m2/repository/org/junit/jupiter/junit-jupiter-api/5.8.2/junit-jupiter-api-5.8.2.jar:/home/tiago/.m2/repository/org/opentest4j/opentest4j/1.2.0/opentest4j-1.2.0.jar:/home/tiago/.m2/repository/org/junit/platform/junit-platform-commons/1.8.2/junit-platform-commons-1.8.2.jar:/home/tiago/.m2/repository/org/apiguardian/apiguardian-api/1.1.2/apiguardian-api-1.1.2.jar:/home/tiago/.m2/repository/org/junit/jupiter/junit-jupiter-engine/5.8.2/junit-jupiter-engine-5.8.2.jar:/home/tiago/.m2/repository/org/junit/platform/junit-platform-engine/1.8.2/junit-platform-engine-1.8.2.jar:/home/tiago/.m2/repository/org/junit/jupiter/junit-jupiter-params/5.8.2/junit-jupiter-params-5.8.2.jar:/home/tiago/.m2/repository/org/apache/camel/camel-http/3.18.3/camel-http-3.18.3.jar:/home/tiago/.m2/repository/org/apache/camel/camel-cloud/3.18.3/camel-cloud-3.18.3.jar:/home/tiago/.m2/repository/org/apache/camel/camel-http-common/3.18.3/camel-http-common-3.18.3.jar:/home/tiago/.m2/repository/org/apache/camel/camel-http-base/3.18.3/camel-http-base-3.18.3.jar:/home/tiago/.m2/repository/org/apache/camel/camel-attachments/3.18.3/camel-attachments-3.18.3.jar:/home/tiago/.m2/repository/com/sun/activation/javax.activation/1.2.0/javax.activation-1.2.0.jar:/home/tiago/.m2/repository/org/apache/camel/camel-file/3.18.3/camel-file-3.18.3.jar:/home/tiago/.m2/repository/org/apache/camel/camel-cluster/3.18.3/camel-cluster-3.18.3.jar:/home/tiago/.m2/repository/javax/servlet/javax.servlet-api/3.1.0/javax.servlet-api-3.1.0.jar:/home/tiago/.m2/repository/org/apache/httpcomponents/httpclient/4.5.13/httpclient-4.5.13.jar:/home/tiago/.m2/repository/org/apache/httpcomponents/httpcore/4.4.13/httpcore-4.4.13.jar:/home/tiago/.m2/repository/commons-logging/commons-logging/1.2/commons-logging-1.2.jar:/home/tiago/.m2/repository/commons-codec/commons-codec/1.11/commons-codec-1.11.jar:/home/tiago/.m2/repository/org/apache/camel/camel-jackson/3.18.3/camel-jackson-3.18.3.jar:/home/tiago/.m2/repository/com/fasterxml/jackson/core/jackson-databind/2.13.4/jackson-databind-2.13.4.jar:/home/tiago/.m2/repository/com/fasterxml/jackson/core/jackson-annotations/2.13.4/jackson-annotations-2.13.4.jar:/home/tiago/.m2/repository/com/fasterxml/jackson/core/jackson-core/2.13.4/jackson-core-2.13.4.jar:/home/tiago/.m2/repository/org/apache/camel/camel-rest/3.18.3/camel-rest-3.18.3.jar:/home/tiago/.m2/repository/org/apache/camel/camel-tooling-model/3.18.3/camel-tooling-model-3.18.3.jar:/home/tiago/.m2/repository/org/apache/camel/camel-util-json/3.18.3/camel-util-json-3.18.3.jar:/home/tiago/.m2/repository/org/apache/camel/camel-jetty/3.18.3/camel-jetty-3.18.3.jar:/home/tiago/.m2/repository/org/apache/camel/camel-jetty-common/3.18.3/camel-jetty-common-3.18.3.jar:/home/tiago/.m2/repository/org/eclipse/jetty/jetty-server/9.4.49.v20220914/jetty-server-9.4.49.v20220914.jar:/home/tiago/.m2/repository/org/eclipse/jetty/jetty-http/9.4.49.v20220914/jetty-http-9.4.49.v20220914.jar:/home/tiago/.m2/repository/org/eclipse/jetty/jetty-io/9.4.49.v20220914/jetty-io-9.4.49.v20220914.jar:/home/tiago/.m2/repository/org/eclipse/jetty/jetty-servlet/9.4.49.v20220914/jetty-servlet-9.4.49.v20220914.jar:/home/tiago/.m2/repository/org/eclipse/jetty/jetty-util-ajax/9.4.49.v20220914/jetty-util-ajax-9.4.49.v20220914.jar:/home/tiago/.m2/repository/org/eclipse/jetty/jetty-security/9.4.49.v20220914/jetty-security-9.4.49.v20220914.jar:/home/tiago/.m2/repository/org/eclipse/jetty/jetty-servlets/9.4.49.v20220914/jetty-servlets-9.4.49.v20220914.jar:/home/tiago/.m2/repository/org/eclipse/jetty/jetty-continuation/9.4.49.v20220914/jetty-continuation-9.4.49.v20220914.jar:/home/tiago/.m2/repository/org/eclipse/jetty/jetty-client/9.4.49.v20220914/jetty-client-9.4.49.v20220914.jar:/home/tiago/.m2/repository/org/eclipse/jetty/jetty-jmx/9.4.49.v20220914/jetty-jmx-9.4.49.v20220914.jar:/home/tiago/.m2/repository/org/eclipse/jetty/jetty-util/9.4.49.v20220914/jetty-util-9.4.49.v20220914.jar:/home/tiago/.m2/repository/org/apache/camel/springboot/camel-jsonpath-starter/3.18.3/camel-jsonpath-starter-3.18.3.jar:/home/tiago/.m2/repository/org/springframework/boot/spring-boot-starter/2.7.5/spring-boot-starter-2.7.5.jar:/home/tiago/.m2/repository/org/springframework/boot/spring-boot/2.7.5/spring-boot-2.7.5.jar:/home/tiago/.m2/repository/org/springframework/spring-context/5.3.23/spring-context-5.3.23.jar:/home/tiago/.m2/repository/org/springframework/spring-aop/5.3.23/spring-aop-5.3.23.jar:/home/tiago/.m2/repository/org/springframework/spring-beans/5.3.23/spring-beans-5.3.23.jar:/home/tiago/.m2/repository/org/springframework/spring-expression/5.3.23/spring-expression-5.3.23.jar:/home/tiago/.m2/repository/org/springframework/boot/spring-boot-autoconfigure/2.7.5/spring-boot-autoconfigure-2.7.5.jar:/home/tiago/.m2/repository/org/springframework/boot/spring-boot-starter-logging/2.7.5/spring-boot-starter-logging-2.7.5.jar:/home/tiago/.m2/repository/org/slf4j/jul-to-slf4j/1.7.36/jul-to-slf4j-1.7.36.jar:/home/tiago/.m2/repository/jakarta/annotation/jakarta.annotation-api/1.3.5/jakarta.annotation-api-1.3.5.jar:/home/tiago/.m2/repository/org/springframework/spring-core/5.3.23/spring-core-5.3.23.jar:/home/tiago/.m2/repository/org/springframework/spring-jcl/5.3.23/spring-jcl-5.3.23.jar:/home/tiago/.m2/repository/org/yaml/snakeyaml/1.30/snakeyaml-1.30.jar:/home/tiago/.m2/repository/org/apache/camel/camel-jsonpath/3.18.3/camel-jsonpath-3.18.3.jar:/home/tiago/.m2/repository/com/jayway/jsonpath/json-path/2.7.0/json-path-2.7.0.jar:/home/tiago/.m2/repository/org/apache/camel/springboot/camel-core-starter/3.18.3/camel-core-starter-3.18.3.jar:/home/tiago/.m2/repository/org/apache/camel/springboot/camel-spring-boot/3.18.3/camel-spring-boot-3.18.3.jar:/home/tiago/.m2/repository/org/apache/camel/camel-spring/3.18.3/camel-spring-3.18.3.jar:/home/tiago/.m2/repository/org/springframework/spring-tx/5.3.23/spring-tx-5.3.23.jar:/home/tiago/.m2/repository/org/apache/camel/camel-spring-main/3.18.3/camel-spring-main-3.18.3.jar:/home/tiago/.m2/repository/org/apache/camel/camel-xml-jaxb-dsl/3.18.3/camel-xml-jaxb-dsl-3.18.3.jar:/home/tiago/.m2/repository/org/apache/camel/camel-xml-jaxb/3.18.3/camel-xml-jaxb-3.18.3.jar:/home/tiago/.m2/repository/com/sun/xml/bind/jaxb-core/2.3.0/jaxb-core-2.3.0.jar:/home/tiago/.m2/repository/com/sun/xml/bind/jaxb-impl/2.3.3/jaxb-impl-2.3.3.jar:/home/tiago/.m2/repository/com/sun/activation/jakarta.activation/1.2.2/jakarta.activation-1.2.2.jar:/home/tiago/.m2/repository/org/apache/camel/camel-dsl-support/3.18.3/camel-dsl-support-3.18.3.jar:/home/tiago/.m2/repository/org/apache/camel/camel-spring-xml/3.18.3/camel-spring-xml-3.18.3.jar:/home/tiago/.m2/repository/org/apache/camel/camel-core-xml/3.18.3/camel-core-xml-3.18.3.jar:/home/tiago/.m2/repository/javax/annotation/javax.annotation-api/1.3.2/javax.annotation-api-1.3.2.jar:/home/tiago/.m2/repository/org/apache/camel/camel-health/3.18.3/camel-health-3.18.3.jar:/home/tiago/.m2/repository/org/projectlombok/lombok/1.18.22/lombok-1.18.22.jar:"/>
    <property name="java.vm.vendor" value="Ubuntu"/>
    <property name="sun.arch.data.model" value="64"/>
    <property name="java.vendor.url" value="https://ubuntu.com/"/>
    <property name="user.timezone" value="Europe/Lisbon"/>
    <property name="user.country.format" value="PT"/>
    <property name="java.vm.specification.version" value="11"/>
    <property name="os.name" value="Linux"/>
    <property name="sun.java.launcher" value="SUN_STANDARD"/>
    <property name="user.country" value="US"/>
    <property name="sun.boot.library.path" value="/usr/lib/jvm/java-11-openjdk-amd64/lib"/>
    <property name="sun.java.command" value="/home/tiago/code/git/camel/target/surefire/surefirebooter11770336961089194757.jar /home/tiago/code/git/camel/target/surefire 2023-01-18T20-58-39_481-jvmRun1 surefire9331456485356424396tmp surefire_010472228281395982513tmp"/>
    <property name="jdk.debug" value="release"/>
    <property name="surefire.test.class.path" value="/home/tiago/code/git/camel/target/test-classes:/home/tiago/code/git/camel/target/classes:/home/tiago/.m2/repository/org/apache/camel/camel-core-engine/3.18.3/camel-core-engine-3.18.3.jar:/home/tiago/.m2/repository/org/apache/camel/camel-api/3.18.3/camel-api-3.18.3.jar:/home/tiago/.m2/repository/jakarta/xml/bind/jakarta.xml.bind-api/2.3.3/jakarta.xml.bind-api-2.3.3.jar:/home/tiago/.m2/repository/jakarta/activation/jakarta.activation-api/1.2.2/jakarta.activation-api-1.2.2.jar:/home/tiago/.m2/repository/org/apache/camel/camel-base-engine/3.18.3/camel-base-engine-3.18.3.jar:/home/tiago/.m2/repository/org/apache/camel/camel-core-reifier/3.18.3/camel-core-reifier-3.18.3.jar:/home/tiago/.m2/repository/org/apache/camel/camel-core-model/3.18.3/camel-core-model-3.18.3.jar:/home/tiago/.m2/repository/org/apache/camel/camel-core-processor/3.18.3/camel-core-processor-3.18.3.jar:/home/tiago/.m2/repository/org/apache/camel/camel-management-api/3.18.3/camel-management-api-3.18.3.jar:/home/tiago/.m2/repository/org/apache/camel/camel-support/3.18.3/camel-support-3.18.3.jar:/home/tiago/.m2/repository/org/apache/camel/camel-util/3.18.3/camel-util-3.18.3.jar:/home/tiago/.m2/repository/org/apache/camel/camel-main/3.18.3/camel-main-3.18.3.jar:/home/tiago/.m2/repository/org/apache/camel/camel-base/3.18.3/camel-base-3.18.3.jar:/home/tiago/.m2/repository/org/apache/camel/camel-core-languages/3.18.3/camel-core-languages-3.18.3.jar:/home/tiago/.m2/repository/org/apache/camel/camel-direct/3.18.3/camel-direct-3.18.3.jar:/home/tiago/.m2/repository/org/apache/camel/camel-bean/3.18.3/camel-bean-3.18.3.jar:/home/tiago/.m2/repository/org/apache/camel/camel-log/3.18.3/camel-log-3.18.3.jar:/home/tiago/.m2/repository/org/apache/camel/camel-timer/3.18.3/camel-timer-3.18.3.jar:/home/tiago/.m2/repository/org/apache/logging/log4j/log4j-slf4j-impl/2.13.3/log4j-slf4j-impl-2.13.3.jar:/home/tiago/.m2/repository/org/slf4j/slf4j-api/1.7.25/slf4j-api-1.7.25.jar:/home/tiago/.m2/repository/org/apache/logging/log4j/log4j-api/2.13.3/log4j-api-2.13.3.jar:/home/tiago/.m2/repository/org/apache/logging/log4j/log4j-core/2.13.3/log4j-core-2.13.3.jar:/home/tiago/.m2/repository/org/apache/camel/camel-test-main-junit5/3.18.3/camel-test-main-junit5-3.18.3.jar:/home/tiago/.m2/repository/org/apache/camel/camel-test-junit5/3.18.3/camel-test-junit5-3.18.3.jar:/home/tiago/.m2/repository/org/apache/camel/camel-browse/3.18.3/camel-browse-3.18.3.jar:/home/tiago/.m2/repository/org/apache/camel/camel-controlbus/3.18.3/camel-controlbus-3.18.3.jar:/home/tiago/.m2/repository/org/apache/camel/camel-dataformat/3.18.3/camel-dataformat-3.18.3.jar:/home/tiago/.m2/repository/org/apache/camel/camel-dataset/3.18.3/camel-dataset-3.18.3.jar:/home/tiago/.m2/repository/org/apache/camel/camel-directvm/3.18.3/camel-directvm-3.18.3.jar:/home/tiago/.m2/repository/org/apache/camel/camel-language/3.18.3/camel-language-3.18.3.jar:/home/tiago/.m2/repository/org/apache/camel/camel-mock/3.18.3/camel-mock-3.18.3.jar:/home/tiago/.m2/repository/org/apache/camel/camel-ref/3.18.3/camel-ref-3.18.3.jar:/home/tiago/.m2/repository/org/apache/camel/camel-saga/3.18.3/camel-saga-3.18.3.jar:/home/tiago/.m2/repository/org/apache/camel/camel-scheduler/3.18.3/camel-scheduler-3.18.3.jar:/home/tiago/.m2/repository/org/apache/camel/camel-seda/3.18.3/camel-seda-3.18.3.jar:/home/tiago/.m2/repository/org/apache/camel/camel-stub/3.18.3/camel-stub-3.18.3.jar:/home/tiago/.m2/repository/org/apache/camel/camel-validator/3.18.3/camel-validator-3.18.3.jar:/home/tiago/.m2/repository/org/apache/camel/camel-xml-jaxp/3.18.3/camel-xml-jaxp-3.18.3.jar:/home/tiago/.m2/repository/org/apache/camel/camel-xml-io-util/3.18.3/camel-xml-io-util-3.18.3.jar:/home/tiago/.m2/repository/org/apache/camel/camel-vm/3.18.3/camel-vm-3.18.3.jar:/home/tiago/.m2/repository/org/apache/camel/camel-xpath/3.18.3/camel-xpath-3.18.3.jar:/home/tiago/.m2/repository/org/apache/camel/camel-xslt/3.18.3/camel-xslt-3.18.3.jar:/home/tiago/.m2/repository/org/junit/jupiter/junit-jupiter-api/5.8.2/junit-jupiter-api-5.8.2.jar:/home/tiago/.m2/repository/org/opentest4j/opentest4j/1.2.0/opentest4j-1.2.0.jar:/home/tiago/.m2/repository/org/junit/platform/junit-platform-commons/1.8.2/junit-platform-commons-1.8.2.jar:/home/tiago/.m2/repository/org/apiguardian/apiguardian-api/1.1.2/apiguardian-api-1.1.2.jar:/home/tiago/.m2/repository/org/junit/jupiter/junit-jupiter-engine/5.8.2/junit-jupiter-engine-5.8.2.jar:/home/tiago/.m2/repository/org/junit/platform/junit-platform-engine/1.8.2/junit-platform-engine-1.8.2.jar:/home/tiago/.m2/repository/org/junit/jupiter/junit-jupiter-params/5.8.2/junit-jupiter-params-5.8.2.jar:/home/tiago/.m2/repository/org/apache/camel/camel-http/3.18.3/camel-http-3.18.3.jar:/home/tiago/.m2/repository/org/apache/camel/camel-cloud/3.18.3/camel-cloud-3.18.3.jar:/home/tiago/.m2/repository/org/apache/camel/camel-http-common/3.18.3/camel-http-common-3.18.3.jar:/home/tiago/.m2/repository/org/apache/camel/camel-http-base/3.18.3/camel-http-base-3.18.3.jar:/home/tiago/.m2/repository/org/apache/camel/camel-attachments/3.18.3/camel-attachments-3.18.3.jar:/home/tiago/.m2/repository/com/sun/activation/javax.activation/1.2.0/javax.activation-1.2.0.jar:/home/tiago/.m2/repository/org/apache/camel/camel-file/3.18.3/camel-file-3.18.3.jar:/home/tiago/.m2/repository/org/apache/camel/camel-cluster/3.18.3/camel-cluster-3.18.3.jar:/home/tiago/.m2/repository/javax/servlet/javax.servlet-api/3.1.0/javax.servlet-api-3.1.0.jar:/home/tiago/.m2/repository/org/apache/httpcomponents/httpclient/4.5.13/httpclient-4.5.13.jar:/home/tiago/.m2/repository/org/apache/httpcomponents/httpcore/4.4.13/httpcore-4.4.13.jar:/home/tiago/.m2/repository/commons-logging/commons-logging/1.2/commons-logging-1.2.jar:/home/tiago/.m2/repository/commons-codec/commons-codec/1.11/commons-codec-1.11.jar:/home/tiago/.m2/repository/org/apache/camel/camel-jackson/3.18.3/camel-jackson-3.18.3.jar:/home/tiago/.m2/repository/com/fasterxml/jackson/core/jackson-databind/2.13.4/jackson-databind-2.13.4.jar:/home/tiago/.m2/repository/com/fasterxml/jackson/core/jackson-annotations/2.13.4/jackson-annotations-2.13.4.jar:/home/tiago/.m2/repository/com/fasterxml/jackson/core/jackson-core/2.13.4/jackson-core-2.13.4.jar:/home/tiago/.m2/repository/org/apache/camel/camel-rest/3.18.3/camel-rest-3.18.3.jar:/home/tiago/.m2/repository/org/apache/camel/camel-tooling-model/3.18.3/camel-tooling-model-3.18.3.jar:/home/tiago/.m2/repository/org/apache/camel/camel-util-json/3.18.3/camel-util-json-3.18.3.jar:/home/tiago/.m2/repository/org/apache/camel/camel-jetty/3.18.3/camel-jetty-3.18.3.jar:/home/tiago/.m2/repository/org/apache/camel/camel-jetty-common/3.18.3/camel-jetty-common-3.18.3.jar:/home/tiago/.m2/repository/org/eclipse/jetty/jetty-server/9.4.49.v20220914/jetty-server-9.4.49.v20220914.jar:/home/tiago/.m2/repository/org/eclipse/jetty/jetty-http/9.4.49.v20220914/jetty-http-9.4.49.v20220914.jar:/home/tiago/.m2/repository/org/eclipse/jetty/jetty-io/9.4.49.v20220914/jetty-io-9.4.49.v20220914.jar:/home/tiago/.m2/repository/org/eclipse/jetty/jetty-servlet/9.4.49.v20220914/jetty-servlet-9.4.49.v20220914.jar:/home/tiago/.m2/repository/org/eclipse/jetty/jetty-util-ajax/9.4.49.v20220914/jetty-util-ajax-9.4.49.v20220914.jar:/home/tiago/.m2/repository/org/eclipse/jetty/jetty-security/9.4.49.v20220914/jetty-security-9.4.49.v20220914.jar:/home/tiago/.m2/repository/org/eclipse/jetty/jetty-servlets/9.4.49.v20220914/jetty-servlets-9.4.49.v20220914.jar:/home/tiago/.m2/repository/org/eclipse/jetty/jetty-continuation/9.4.49.v20220914/jetty-continuation-9.4.49.v20220914.jar:/home/tiago/.m2/repository/org/eclipse/jetty/jetty-client/9.4.49.v20220914/jetty-client-9.4.49.v20220914.jar:/home/tiago/.m2/repository/org/eclipse/jetty/jetty-jmx/9.4.49.v20220914/jetty-jmx-9.4.49.v20220914.jar:/home/tiago/.m2/repository/org/eclipse/jetty/jetty-util/9.4.49.v20220914/jetty-util-9.4.49.v20220914.jar:/home/tiago/.m2/repository/org/apache/camel/springboot/camel-jsonpath-starter/3.18.3/camel-jsonpath-starter-3.18.3.jar:/home/tiago/.m2/repository/org/springframework/boot/spring-boot-starter/2.7.5/spring-boot-starter-2.7.5.jar:/home/tiago/.m2/repository/org/springframework/boot/spring-boot/2.7.5/spring-boot-2.7.5.jar:/home/tiago/.m2/repository/org/springframework/spring-context/5.3.23/spring-context-5.3.23.jar:/home/tiago/.m2/repository/org/springframework/spring-aop/5.3.23/spring-aop-5.3.23.jar:/home/tiago/.m2/repository/org/springframework/spring-beans/5.3.23/spring-beans-5.3.23.jar:/home/tiago/.m2/repository/org/springframework/spring-expression/5.3.23/spring-expression-5.3.23.jar:/home/tiago/.m2/repository/org/springframework/boot/spring-boot-autoconfigure/2.7.5/spring-boot-autoconfigure-2.7.5.jar:/home/tiago/.m2/repository/org/springframework/boot/spring-boot-starter-logging/2.7.5/spring-boot-starter-logging-2.7.5.jar:/home/tiago/.m2/repository/org/slf4j/jul-to-slf4j/1.7.36/jul-to-slf4j-1.7.36.jar:/home/tiago/.m2/repository/jakarta/annotation/jakarta.annotation-api/1.3.5/jakarta.annotation-api-1.3.5.jar:/home/tiago/.m2/repository/org/springframework/spring-core/5.3.23/spring-core-5.3.23.jar:/home/tiago/.m2/repository/org/springframework/spring-jcl/5.3.23/spring-jcl-5.3.23.jar:/home/tiago/.m2/repository/org/yaml/snakeyaml/1.30/snakeyaml-1.30.jar:/home/tiago/.m2/repository/org/apache/camel/camel-jsonpath/3.18.3/camel-jsonpath-3.18.3.jar:/home/tiago/.m2/repository/com/jayway/jsonpath/json-path/2.7.0/json-path-2.7.0.jar:/home/tiago/.m2/repository/org/apache/camel/springboot/camel-core-starter/3.18.3/camel-core-starter-3.18.3.jar:/home/tiago/.m2/repository/org/apache/camel/springboot/camel-spring-boot/3.18.3/camel-spring-boot-3.18.3.jar:/home/tiago/.m2/repository/org/apache/camel/camel-spring/3.18.3/camel-spring-3.18.3.jar:/home/tiago/.m2/repository/org/springframework/spring-tx/5.3.23/spring-tx-5.3.23.jar:/home/tiago/.m2/repository/org/apache/camel/camel-spring-main/3.18.3/camel-spring-main-3.18.3.jar:/home/tiago/.m2/repository/org/apache/camel/camel-xml-jaxb-dsl/3.18.3/camel-xml-jaxb-dsl-3.18.3.jar:/home/tiago/.m2/repository/org/apache/camel/camel-xml-jaxb/3.18.3/camel-xml-jaxb-3.18.3.jar:/home/tiago/.m2/repository/com/sun/xml/bind/jaxb-core/2.3.0/jaxb-core-2.3.0.jar:/home/tiago/.m2/repository/com/sun/xml/bind/jaxb-impl/2.3.3/jaxb-impl-2.3.3.jar:/home/tiago/.m2/repository/com/sun/activation/jakarta.activation/1.2.2/jakarta.activation-1.2.2.jar:/home/tiago/.m2/repository/org/apache/camel/camel-dsl-support/3.18.3/camel-dsl-support-3.18.3.jar:/home/tiago/.m2/repository/org/apache/camel/camel-spring-xml/3.18.3/camel-spring-xml-3.18.3.jar:/home/tiago/.m2/repository/org/apache/camel/camel-core-xml/3.18.3/camel-core-xml-3.18.3.jar:/home/tiago/.m2/repository/javax/annotation/javax.annotation-api/1.3.2/javax.annotation-api-1.3.2.jar:/home/tiago/.m2/repository/org/apache/camel/camel-health/3.18.3/camel-health-3.18.3.jar:/home/tiago/.m2/repository/org/projectlombok/lombok/1.18.22/lombok-1.18.22.jar:"/>
    <property name="sun.cpu.endian" value="little"/>
    <property name="user.home" value="/home/tiago"/>
    <property name="user.language" value="en"/>
    <property name="java.specification.vendor" value="Oracle Corporation"/>
    <property name="java.version.date" value="2022-10-18"/>
    <property name="java.home" value="/usr/lib/jvm/java-11-openjdk-amd64"/>
    <property name="file.separator" value="/"/>
    <property name="basedir" value="/home/tiago/code/git/camel"/>
    <property name="java.vm.compressedOopsMode" value="Zero based"/>
    <property name="line.separator" value="&#10;"/>
    <property name="java.specification.name" value="Java Platform API Specification"/>
    <property name="java.vm.specification.vendor" value="Oracle Corporation"/>
    <property name="java.awt.graphicsenv" value="sun.awt.X11GraphicsEnvironment"/>
    <property name="surefire.real.class.path" value="/home/tiago/code/git/camel/target/surefire/surefirebooter11770336961089194757.jar"/>
    <property name="sun.management.compiler" value="HotSpot 64-Bit Tiered Compilers"/>
    <property name="java.runtime.version" value="11.0.17+8-post-Ubuntu-1ubuntu222.04"/>
    <property name="user.name" value="tiago"/>
    <property name="path.separator" value=":"/>
    <property name="os.version" value="5.15.0-58-generic"/>
    <property name="java.runtime.name" value="OpenJDK Runtime Environment"/>
    <property name="file.encoding" value="UTF-8"/>
    <property name="java.vm.name" value="OpenJDK 64-Bit Server VM"/>
    <property name="localRepository" value="/home/tiago/.m2/repository"/>
    <property name="java.vendor.url.bug" value="https://bugs.launchpad.net/ubuntu/+source/openjdk-lts"/>
    <property name="jetty.git.hash" value="4231a3b2e4cb8548a412a789936d640a97b1aa0a"/>
    <property name="java.io.tmpdir" value="/tmp"/>
    <property name="idea.version" value="2022.3.1"/>
    <property name="java.version" value="11.0.17"/>
    <property name="user.dir" value="/home/tiago/code/git/camel"/>
    <property name="os.arch" value="amd64"/>
    <property name="java.vm.specification.name" value="Java Virtual Machine Specification"/>
    <property name="java.awt.printerjob" value="sun.print.PSPrinterJob"/>
    <property name="user.language.format" value="pt"/>
    <property name="sun.os.patch.level" value="unknown"/>
    <property name="java.library.path" value="/usr/java/packages/lib:/usr/lib/x86_64-linux-gnu/jni:/lib/x86_64-linux-gnu:/usr/lib/x86_64-linux-gnu:/usr/lib/jni:/lib:/usr/lib"/>
    <property name="java.vm.info" value="mixed mode"/>
    <property name="java.vendor" value="Ubuntu"/>
    <property name="java.vm.version" value="11.0.17+8-post-Ubuntu-1ubuntu222.04"/>
    <property name="sun.io.unicode.encoding" value="UnicodeLittle"/>
    <property name="java.class.version" value="55.0"/>
  </properties>
  <testcase name="should_complete_the_auto_detected_route" classname="org.acme.camel.MyApplicationTest" time="0.544">
    <system-out><![CDATA[[                          main] CamelTestSupport               INFO  ********************************************************************************
[                          main] CamelTestSupport               INFO  Testing: should_complete_the_auto_detected_route() (org.acme.camel.MyApplicationTest)
[                          main] CamelTestSupport               INFO  ********************************************************************************
[                          main] BaseMainSupport                INFO  Classpath scanning enabled from base package: org.acme.camel
[                          main] AbstractCamelContext           INFO  Apache Camel 3.18.3 (camel-1) is starting
[                          main] log                            INFO  Logging initialized @1085ms to org.eclipse.jetty.util.log.Slf4jLog
[                          main] JettyHttpComponent             WARN  You use localhost interface! It means that no external connections will be available. Don't you want to use 0.0.0.0 instead (all network interfaces)? jetty:http://localhost:8080/weather?httpMethodRestrict=GET
[                          main] Server                         INFO  jetty-9.4.49.v20220914; built: 2022-09-14T01:07:36.601Z; git: 4231a3b2e4cb8548a412a789936d640a97b1aa0a; jvm 11.0.17+8-post-Ubuntu-1ubuntu222.04
[                          main] ContextHandler                 INFO  Started o.e.j.s.ServletContextHandler@75181b50{/,null,AVAILABLE}
[                          main] AbstractConnector              INFO  Started ServerConnector@6920614{HTTP/1.1, (http/1.1)}{localhost:8080}
[                          main] Server                         INFO  Started @1174ms
[                          main] BaseMainSupport                INFO  Property-placeholders summary
[                          main] BaseMainSupport                INFO      [application.properties]       googleMaps.apiKey=your key
[                          main] AbstractCamelContext           INFO  Routes startup (started:1)
[                          main] AbstractCamelContext           INFO      Started route1 (jetty:http://localhost:8080/weather)
[                          main] AbstractCamelContext           INFO  Apache Camel 3.18.3 (camel-1) started in 369ms (build:34ms init:203ms start:132ms)
[                          main] CamelTestSupport               INFO  ********************************************************************************
[                          main] CamelTestSupport               INFO  Testing done: should_complete_the_auto_detected_route() (org.acme.camel.MyApplicationTest)
[                          main] CamelTestSupport               INFO  Took: 2ms (2 millis)
[                          main] CamelTestSupport               INFO  ********************************************************************************
[                          main] AbstractCamelContext           INFO  Apache Camel 3.18.3 (camel-1) is shutting down (timeout:10s)
[el-1) thread #1 - ShutdownTask] AbstractConnector              INFO  Stopped ServerConnector@6920614{HTTP/1.1, (http/1.1)}{localhost:8080}
[el-1) thread #1 - ShutdownTask] ContextHandler                 INFO  Stopped o.e.j.s.ServletContextHandler@75181b50{/,null,STOPPED}
[                          main] AbstractCamelContext           INFO  Routes stopped (stopped:1)
[                          main] AbstractCamelContext           INFO      Stopped route1 (jetty:http://localhost:8080/weather)
[                          main] AbstractCamelContext           INFO  Apache Camel 3.18.3 (camel-1) shutdown in 19ms (uptime:0s)
]]></system-out>
  </testcase>
</testsuite>